<?xml version="1.0" encoding="UTF-8"?>
<testsuite xmlns:xsi="http://www.w3.org/2001/XMLSchema-instance" xsi:noNamespaceSchemaLocation="https://maven.apache.org/surefire/maven-surefire-plugin/xsd/surefire-test-report.xsd" name="ie.setu.repository.CaloriesTrackerDaoTest" time="0.105" tests="9" errors="0" skipped="0" failures="0">
  <properties>
[...]
</properties>
  <testcase name="getting all calories Tracked from a populated table returns all rows" classname="ie.setu.repository.CaloriesTrackerDaoTest$ReadCaloriesTracker" time="0"/>
  <testcase name="get calories tracked by id that doesn&apos;t exist, results in no calories tracked returned" classname="ie.setu.repository.CaloriesTrackerDaoTest$ReadCaloriesTracker" time="0.02"/>
  <testcase name="get all calories tracked over empty table returns none" classname="ie.setu.repository.CaloriesTrackerDaoTest$ReadCaloriesTracker" time="0.01"/>
  <testcase name="get calories tracked by id that exists, results in a correct calories tracked returned" classname="ie.setu.repository.CaloriesTrackerDaoTest$ReadCaloriesTracker" time="0.006"/>
  <testcase name="multiple calories tracked added to table can be retrieved successfully" classname="ie.setu.repository.CaloriesTrackerDaoTest$CreateCaloriesTracker" time="0.012"/>
  <testcase name="deleting an existing calories tracked in table results in record being deleted" classname="ie.setu.repository.CaloriesTrackerDaoTest$DeleteCaloriesTracked" time="0.017"/>
  <testcase name="deleting a non-existent calories tracked in table results in no deletion" classname="ie.setu.repository.CaloriesTrackerDaoTest$DeleteCaloriesTracked" time="0.006"/>
  <testcase name="updating non-existent calories tracked in table results in no updates" classname="ie.setu.repository.CaloriesTrackerDaoTest$UpdateCaloriesTracked" time="0.02"/>
  <testcase name="updating existing calories tracked in table results in successful update" classname="ie.setu.repository.CaloriesTrackerDaoTest$UpdateCaloriesTracked" time="0.01"/>
</testsuite>