<?xml version="1.0" encoding="UTF-8"?>
<testsuite xmlns:xsi="http://www.w3.org/2001/XMLSchema-instance" xsi:noNamespaceSchemaLocation="https://maven.apache.org/surefire/maven-surefire-plugin/xsd/surefire-test-report.xsd" name="ie.setu.repository.ActivityDAOTest" time="1.131" tests="13" errors="0" skipped="0" failures="0">
  <properties>
[...]
</properties>
  <testcase name="multiple activities added to table can be retrieved successfully" classname="ie.setu.repository.ActivityDAOTest$CreateActivities" time="0.883"/>
  <testcase name="get activity by user id that exists, results in a correct activitie{s} returned" classname="ie.setu.repository.ActivityDAOTest$ReadActivities" time="0.017"/>
  <testcase name="getting all activites from a populated table returns all rows" classname="ie.setu.repository.ActivityDAOTest$ReadActivities" time="0.019"/>
  <testcase name="get activity by activity id that exists, results in a correct activity returned" classname="ie.setu.repository.ActivityDAOTest$ReadActivities" time="0.015"/>
  <testcase name="get activity by user id that has no activities, results in no record returned" classname="ie.setu.repository.ActivityDAOTest$ReadActivities" time="0.015"/>
  <testcase name="get all activities over empty table returns none" classname="ie.setu.repository.ActivityDAOTest$ReadActivities" time="0.011"/>
  <testcase name="get activity by activity id that has no records, results in no record returned" classname="ie.setu.repository.ActivityDAOTest$ReadActivities" time="0.015"/>
  <testcase name="updating existing activity in table results in successful update" classname="ie.setu.repository.ActivityDAOTest$UpdateActivities" time="0.021"/>
  <testcase name="updating non-existant activity in table results in no updates" classname="ie.setu.repository.ActivityDAOTest$UpdateActivities" time="0.014"/>
  <testcase name="deleting a non-existant activity {by id} in table results in no deletion" classname="ie.setu.repository.ActivityDAOTest$DeleteActivities" time="0.023"/>
  <testcase name="deleting activities when 1 or more exist for user id results in deletion" classname="ie.setu.repository.ActivityDAOTest$DeleteActivities" time="0.019"/>
  <testcase name="deleting activities when none exist for user id results in no deletion" classname="ie.setu.repository.ActivityDAOTest$DeleteActivities" time="0.014"/>
  <testcase name="deleting an existing activity {by id} in table results in record being deleted" classname="ie.setu.repository.ActivityDAOTest$DeleteActivities" time="0.014"/>
</testsuite>